{"/Users/eri/todo-app-backend/constants.js": {"path":"/Users/eri/todo-app-backend/constants.js","statementMap":{"0":{"start":{"line":1,"column":0},"end":{"line":1,"column":101}},"1":{"start":{"line":2,"column":0},"end":{"line":2,"column":1234}}},"fnMap":{},"branchMap":{},"s":{"0":1,"1":1},"f":{},"b":{},"_coverageSchema":"332fd63041d2c1bcb487cc26dd0d5f7d97098a6c","hash":"96cdc17c31ecb660ce2cd1d445c2cbb88377927f"}
,"/Users/eri/todo-app-backend/index.js": {"path":"/Users/eri/todo-app-backend/index.js","statementMap":{"0":{"start":{"line":1,"column":16},"end":{"line":1,"column":34}},"1":{"start":{"line":2,"column":16},"end":{"line":2,"column":34}},"2":{"start":{"line":3,"column":12},"end":{"line":3,"column":21}},"3":{"start":{"line":5,"column":0},"end":{"line":5,"column":31}},"4":{"start":{"line":6,"column":0},"end":{"line":6,"column":33}},"5":{"start":{"line":7,"column":0},"end":{"line":7,"column":26}},"6":{"start":{"line":8,"column":0},"end":{"line":8,"column":30}},"7":{"start":{"line":15,"column":13},"end":{"line":15,"column":37}},"8":{"start":{"line":16,"column":15},"end":{"line":16,"column":83}},"9":{"start":{"line":16,"column":38},"end":{"line":16,"column":82}},"10":{"start":{"line":18,"column":0},"end":{"line":18,"column":24}}},"fnMap":{"0":{"name":"(anonymous_0)","decl":{"start":{"line":16,"column":32},"end":{"line":16,"column":33}},"loc":{"start":{"line":16,"column":38},"end":{"line":16,"column":82}},"line":16}},"branchMap":{"0":{"loc":{"start":{"line":15,"column":13},"end":{"line":15,"column":37}},"type":"binary-expr","locations":[{"start":{"line":15,"column":13},"end":{"line":15,"column":29}},{"start":{"line":15,"column":33},"end":{"line":15,"column":37}}],"line":15}},"s":{"0":1,"1":1,"2":1,"3":1,"4":1,"5":1,"6":1,"7":1,"8":1,"9":1,"10":1},"f":{"0":1},"b":{"0":[1,1]},"_coverageSchema":"332fd63041d2c1bcb487cc26dd0d5f7d97098a6c","hash":"fad1135294c4405ef280a04455d3cbe9e927150d"}
,"/Users/eri/todo-app-backend/middleware/admin.js": {"path":"/Users/eri/todo-app-backend/middleware/admin.js","statementMap":{"0":{"start":{"line":1,"column":0},"end":{"line":6,"column":1}},"1":{"start":{"line":3,"column":4},"end":{"line":3,"column":73}},"2":{"start":{"line":3,"column":27},"end":{"line":3,"column":73}},"3":{"start":{"line":5,"column":4},"end":{"line":5,"column":11}}},"fnMap":{"0":{"name":"(anonymous_0)","decl":{"start":{"line":1,"column":17},"end":{"line":1,"column":18}},"loc":{"start":{"line":1,"column":43},"end":{"line":6,"column":1}},"line":1}},"branchMap":{"0":{"loc":{"start":{"line":3,"column":4},"end":{"line":3,"column":73}},"type":"if","locations":[{"start":{"line":3,"column":4},"end":{"line":3,"column":73}},{"start":{"line":3,"column":4},"end":{"line":3,"column":73}}],"line":3}},"s":{"0":1,"1":0,"2":0,"3":0},"f":{"0":0},"b":{"0":[0,0]},"_coverageSchema":"332fd63041d2c1bcb487cc26dd0d5f7d97098a6c","hash":"33cbbf7546edffd10c1ccfc00e1253774e41fb49"}
,"/Users/eri/todo-app-backend/middleware/auth.js": {"path":"/Users/eri/todo-app-backend/middleware/auth.js","statementMap":{"0":{"start":{"line":1,"column":23},"end":{"line":1,"column":53}},"1":{"start":{"line":2,"column":19},"end":{"line":2,"column":42}},"2":{"start":{"line":3,"column":15},"end":{"line":3,"column":32}},"3":{"start":{"line":4,"column":12},"end":{"line":4,"column":35}},"4":{"start":{"line":6,"column":15},"end":{"line":6,"column":41}},"5":{"start":{"line":9,"column":18},"end":{"line":9,"column":44}},"6":{"start":{"line":10,"column":4},"end":{"line":10,"column":81}},"7":{"start":{"line":10,"column":16},"end":{"line":10,"column":81}},"8":{"start":{"line":12,"column":4},"end":{"line":26,"column":5}},"9":{"start":{"line":14,"column":23},"end":{"line":17,"column":10}},"10":{"start":{"line":19,"column":24},"end":{"line":19,"column":43}},"11":{"start":{"line":20,"column":8},"end":{"line":20,"column":37}},"12":{"start":{"line":21,"column":8},"end":{"line":21,"column":38}},"13":{"start":{"line":22,"column":8},"end":{"line":22,"column":15}},"14":{"start":{"line":25,"column":8},"end":{"line":25,"column":42}},"15":{"start":{"line":31,"column":18},"end":{"line":31,"column":44}},"16":{"start":{"line":34,"column":4},"end":{"line":34,"column":81}},"17":{"start":{"line":34,"column":16},"end":{"line":34,"column":81}},"18":{"start":{"line":36,"column":4},"end":{"line":43,"column":5}},"19":{"start":{"line":37,"column":24},"end":{"line":37,"column":70}},"20":{"start":{"line":38,"column":8},"end":{"line":38,"column":27}},"21":{"start":{"line":39,"column":8},"end":{"line":39,"column":15}},"22":{"start":{"line":42,"column":8},"end":{"line":42,"column":47}},"23":{"start":{"line":46,"column":0},"end":{"line":46,"column":24}}},"fnMap":{"0":{"name":"verify","decl":{"start":{"line":8,"column":15},"end":{"line":8,"column":21}},"loc":{"start":{"line":8,"column":38},"end":{"line":27,"column":1}},"line":8},"1":{"name":"auth","decl":{"start":{"line":29,"column":9},"end":{"line":29,"column":13}},"loc":{"start":{"line":29,"column":30},"end":{"line":44,"column":1}},"line":29}},"branchMap":{"0":{"loc":{"start":{"line":10,"column":4},"end":{"line":10,"column":81}},"type":"if","locations":[{"start":{"line":10,"column":4},"end":{"line":10,"column":81}},{"start":{"line":10,"column":4},"end":{"line":10,"column":81}}],"line":10},"1":{"loc":{"start":{"line":34,"column":4},"end":{"line":34,"column":81}},"type":"if","locations":[{"start":{"line":34,"column":4},"end":{"line":34,"column":81}},{"start":{"line":34,"column":4},"end":{"line":34,"column":81}}],"line":34}},"s":{"0":1,"1":1,"2":1,"3":1,"4":1,"5":4,"6":4,"7":0,"8":4,"9":4,"10":0,"11":0,"12":0,"13":0,"14":4,"15":0,"16":0,"17":0,"18":0,"19":0,"20":0,"21":0,"22":0,"23":1},"f":{"0":4,"1":0},"b":{"0":[0,4],"1":[0,0]},"_coverageSchema":"332fd63041d2c1bcb487cc26dd0d5f7d97098a6c","hash":"090450c30329c02cad515d2003af0e6bfd32c1e0"}
,"/Users/eri/todo-app-backend/middleware/error.js": {"path":"/Users/eri/todo-app-backend/middleware/error.js","statementMap":{"0":{"start":{"line":1,"column":16},"end":{"line":1,"column":34}},"1":{"start":{"line":3,"column":0},"end":{"line":8,"column":1}},"2":{"start":{"line":4,"column":4},"end":{"line":4,"column":36}},"3":{"start":{"line":7,"column":4},"end":{"line":7,"column":46}}},"fnMap":{"0":{"name":"(anonymous_0)","decl":{"start":{"line":3,"column":17},"end":{"line":3,"column":18}},"loc":{"start":{"line":3,"column":47},"end":{"line":8,"column":1}},"line":3}},"branchMap":{},"s":{"0":1,"1":1,"2":0,"3":0},"f":{"0":0},"b":{},"_coverageSchema":"332fd63041d2c1bcb487cc26dd0d5f7d97098a6c","hash":"fc8e9f86400658e6c07eb43f4a2177a7fda9367e"}
,"/Users/eri/todo-app-backend/middleware/validateObjectId.js": {"path":"/Users/eri/todo-app-backend/middleware/validateObjectId.js","statementMap":{"0":{"start":{"line":1,"column":17},"end":{"line":1,"column":36}},"1":{"start":{"line":3,"column":0},"end":{"line":15,"column":1}},"2":{"start":{"line":4,"column":4},"end":{"line":6,"column":5}},"3":{"start":{"line":5,"column":8},"end":{"line":5,"column":57}},"4":{"start":{"line":8,"column":4},"end":{"line":12,"column":5}},"5":{"start":{"line":9,"column":8},"end":{"line":11,"column":9}},"6":{"start":{"line":10,"column":12},"end":{"line":10,"column":60}},"7":{"start":{"line":14,"column":4},"end":{"line":14,"column":11}}},"fnMap":{"0":{"name":"(anonymous_0)","decl":{"start":{"line":3,"column":17},"end":{"line":3,"column":18}},"loc":{"start":{"line":3,"column":42},"end":{"line":15,"column":1}},"line":3}},"branchMap":{"0":{"loc":{"start":{"line":4,"column":4},"end":{"line":6,"column":5}},"type":"if","locations":[{"start":{"line":4,"column":4},"end":{"line":6,"column":5}},{"start":{"line":4,"column":4},"end":{"line":6,"column":5}}],"line":4},"1":{"loc":{"start":{"line":8,"column":4},"end":{"line":12,"column":5}},"type":"if","locations":[{"start":{"line":8,"column":4},"end":{"line":12,"column":5}},{"start":{"line":8,"column":4},"end":{"line":12,"column":5}}],"line":8},"2":{"loc":{"start":{"line":9,"column":8},"end":{"line":11,"column":9}},"type":"if","locations":[{"start":{"line":9,"column":8},"end":{"line":11,"column":9}},{"start":{"line":9,"column":8},"end":{"line":11,"column":9}}],"line":9}},"s":{"0":1,"1":1,"2":0,"3":0,"4":0,"5":0,"6":0,"7":0},"f":{"0":0},"b":{"0":[0,0],"1":[0,0],"2":[0,0]},"_coverageSchema":"332fd63041d2c1bcb487cc26dd0d5f7d97098a6c","hash":"26f28eb1f50d8d496c89762cd2fdddb36edd4396"}
,"/Users/eri/todo-app-backend/models/group.js": {"path":"/Users/eri/todo-app-backend/models/group.js","statementMap":{"0":{"start":{"line":1,"column":12},"end":{"line":1,"column":26}},"1":{"start":{"line":2,"column":0},"end":{"line":2,"column":44}},"2":{"start":{"line":3,"column":17},"end":{"line":3,"column":36}},"3":{"start":{"line":4,"column":21},"end":{"line":4,"column":38}},"4":{"start":{"line":6,"column":20},"end":{"line":24,"column":2}},"5":{"start":{"line":27,"column":14},"end":{"line":27,"column":50}},"6":{"start":{"line":31,"column":19},"end":{"line":35,"column":5}},"7":{"start":{"line":37,"column":4},"end":{"line":37,"column":39}},"8":{"start":{"line":40,"column":0},"end":{"line":40,"column":29}},"9":{"start":{"line":41,"column":0},"end":{"line":41,"column":45}}},"fnMap":{"0":{"name":"validateGroup","decl":{"start":{"line":29,"column":9},"end":{"line":29,"column":22}},"loc":{"start":{"line":30,"column":0},"end":{"line":38,"column":1}},"line":30}},"branchMap":{},"s":{"0":1,"1":1,"2":1,"3":1,"4":1,"5":1,"6":0,"7":0,"8":1,"9":1},"f":{"0":0},"b":{},"_coverageSchema":"332fd63041d2c1bcb487cc26dd0d5f7d97098a6c","hash":"dc377267d8cdc0dc4e3a56133b4ed2349a8f7ca0"}
,"/Users/eri/todo-app-backend/models/task.js": {"path":"/Users/eri/todo-app-backend/models/task.js","statementMap":{"0":{"start":{"line":1,"column":12},"end":{"line":1,"column":26}},"1":{"start":{"line":2,"column":17},"end":{"line":2,"column":36}},"2":{"start":{"line":4,"column":19},"end":{"line":20,"column":2}},"3":{"start":{"line":22,"column":13},"end":{"line":22,"column":47}},"4":{"start":{"line":28,"column":19},"end":{"line":32,"column":5}},"5":{"start":{"line":34,"column":4},"end":{"line":34,"column":38}},"6":{"start":{"line":37,"column":0},"end":{"line":37,"column":32}},"7":{"start":{"line":38,"column":0},"end":{"line":38,"column":20}},"8":{"start":{"line":39,"column":0},"end":{"line":39,"column":36}}},"fnMap":{"0":{"name":"validateTask","decl":{"start":{"line":24,"column":9},"end":{"line":24,"column":21}},"loc":{"start":{"line":25,"column":0},"end":{"line":35,"column":1}},"line":25}},"branchMap":{},"s":{"0":1,"1":1,"2":1,"3":1,"4":0,"5":0,"6":1,"7":1,"8":1},"f":{"0":0},"b":{},"_coverageSchema":"332fd63041d2c1bcb487cc26dd0d5f7d97098a6c","hash":"4e559b53b0a22be70952f72129ad456c858107d6"}
,"/Users/eri/todo-app-backend/models/user.js": {"path":"/Users/eri/todo-app-backend/models/user.js","statementMap":{"0":{"start":{"line":1,"column":15},"end":{"line":1,"column":32}},"1":{"start":{"line":2,"column":12},"end":{"line":2,"column":35}},"2":{"start":{"line":3,"column":12},"end":{"line":3,"column":26}},"3":{"start":{"line":4,"column":17},"end":{"line":4,"column":36}},"4":{"start":{"line":6,"column":19},"end":{"line":25,"column":2}},"5":{"start":{"line":27,"column":0},"end":{"line":29,"column":1}},"6":{"start":{"line":28,"column":4},"end":{"line":28,"column":68}},"7":{"start":{"line":31,"column":13},"end":{"line":31,"column":47}},"8":{"start":{"line":37,"column":19},"end":{"line":41,"column":5}},"9":{"start":{"line":43,"column":4},"end":{"line":43,"column":38}},"10":{"start":{"line":46,"column":0},"end":{"line":46,"column":32}},"11":{"start":{"line":47,"column":0},"end":{"line":47,"column":20}},"12":{"start":{"line":48,"column":0},"end":{"line":48,"column":36}}},"fnMap":{"0":{"name":"(anonymous_0)","decl":{"start":{"line":27,"column":39},"end":{"line":27,"column":40}},"loc":{"start":{"line":27,"column":50},"end":{"line":29,"column":1}},"line":27},"1":{"name":"validateUser","decl":{"start":{"line":33,"column":9},"end":{"line":33,"column":21}},"loc":{"start":{"line":34,"column":0},"end":{"line":44,"column":1}},"line":34}},"branchMap":{},"s":{"0":1,"1":1,"2":1,"3":1,"4":1,"5":1,"6":0,"7":1,"8":0,"9":0,"10":1,"11":1,"12":1},"f":{"0":0,"1":0},"b":{},"_coverageSchema":"332fd63041d2c1bcb487cc26dd0d5f7d97098a6c","hash":"360ed04e437048fd15b39831bfa60a6cc4271f02"}
,"/Users/eri/todo-app-backend/routes/auth.js": {"path":"/Users/eri/todo-app-backend/routes/auth.js","statementMap":{"0":{"start":{"line":1,"column":12},"end":{"line":1,"column":26}},"1":{"start":{"line":2,"column":15},"end":{"line":2,"column":32}},"2":{"start":{"line":3,"column":15},"end":{"line":3,"column":40}},"3":{"start":{"line":4,"column":16},"end":{"line":4,"column":34}},"4":{"start":{"line":5,"column":15},"end":{"line":5,"column":31}},"5":{"start":{"line":8,"column":0},"end":{"line":31,"column":3}},"6":{"start":{"line":10,"column":20},"end":{"line":10,"column":38}},"7":{"start":{"line":13,"column":4},"end":{"line":13,"column":69}},"8":{"start":{"line":13,"column":15},"end":{"line":13,"column":69}},"9":{"start":{"line":16,"column":17},"end":{"line":16,"column":62}},"10":{"start":{"line":19,"column":4},"end":{"line":19,"column":73}},"11":{"start":{"line":19,"column":15},"end":{"line":19,"column":73}},"12":{"start":{"line":22,"column":21},"end":{"line":22,"column":75}},"13":{"start":{"line":25,"column":4},"end":{"line":25,"column":77}},"14":{"start":{"line":25,"column":19},"end":{"line":25,"column":77}},"15":{"start":{"line":27,"column":18},"end":{"line":27,"column":42}},"16":{"start":{"line":30,"column":4},"end":{"line":30,"column":20}},"17":{"start":{"line":34,"column":19},"end":{"line":37,"column":5}},"18":{"start":{"line":39,"column":4},"end":{"line":39,"column":37}},"19":{"start":{"line":42,"column":0},"end":{"line":42,"column":24}}},"fnMap":{"0":{"name":"(anonymous_0)","decl":{"start":{"line":8,"column":17},"end":{"line":8,"column":18}},"loc":{"start":{"line":8,"column":37},"end":{"line":31,"column":1}},"line":8},"1":{"name":"validate","decl":{"start":{"line":33,"column":9},"end":{"line":33,"column":17}},"loc":{"start":{"line":33,"column":23},"end":{"line":40,"column":1}},"line":33}},"branchMap":{"0":{"loc":{"start":{"line":13,"column":4},"end":{"line":13,"column":69}},"type":"if","locations":[{"start":{"line":13,"column":4},"end":{"line":13,"column":69}},{"start":{"line":13,"column":4},"end":{"line":13,"column":69}}],"line":13},"1":{"loc":{"start":{"line":19,"column":4},"end":{"line":19,"column":73}},"type":"if","locations":[{"start":{"line":19,"column":4},"end":{"line":19,"column":73}},{"start":{"line":19,"column":4},"end":{"line":19,"column":73}}],"line":19},"2":{"loc":{"start":{"line":25,"column":4},"end":{"line":25,"column":77}},"type":"if","locations":[{"start":{"line":25,"column":4},"end":{"line":25,"column":77}},{"start":{"line":25,"column":4},"end":{"line":25,"column":77}}],"line":25}},"s":{"0":1,"1":1,"2":1,"3":1,"4":1,"5":1,"6":0,"7":0,"8":0,"9":0,"10":0,"11":0,"12":0,"13":0,"14":0,"15":0,"16":0,"17":0,"18":0,"19":1},"f":{"0":0,"1":0},"b":{"0":[0,0],"1":[0,0],"2":[0,0]},"_coverageSchema":"332fd63041d2c1bcb487cc26dd0d5f7d97098a6c","hash":"18fea123974c633d10fdf262715c8aa4d7d278a4"}
,"/Users/eri/todo-app-backend/routes/groups.js": {"path":"/Users/eri/todo-app-backend/routes/groups.js","statementMap":{"0":{"start":{"line":1,"column":25},"end":{"line":1,"column":66}},"1":{"start":{"line":2,"column":15},"end":{"line":2,"column":44}},"2":{"start":{"line":3,"column":14},"end":{"line":3,"column":44}},"3":{"start":{"line":4,"column":31},"end":{"line":4,"column":57}},"4":{"start":{"line":5,"column":29},"end":{"line":5,"column":54}},"5":{"start":{"line":6,"column":16},"end":{"line":6,"column":34}},"6":{"start":{"line":7,"column":15},"end":{"line":7,"column":31}},"7":{"start":{"line":10,"column":0},"end":{"line":21,"column":3}},"8":{"start":{"line":11,"column":16},"end":{"line":11,"column":33}},"9":{"start":{"line":14,"column":19},"end":{"line":17,"column":21}},"10":{"start":{"line":20,"column":4},"end":{"line":20,"column":21}},"11":{"start":{"line":24,"column":0},"end":{"line":45,"column":3}},"12":{"start":{"line":25,"column":4},"end":{"line":26,"column":53}},"13":{"start":{"line":26,"column":8},"end":{"line":26,"column":53}},"14":{"start":{"line":28,"column":16},"end":{"line":28,"column":33}},"15":{"start":{"line":29,"column":17},"end":{"line":29,"column":43}},"16":{"start":{"line":31,"column":17},"end":{"line":31,"column":34}},"17":{"start":{"line":32,"column":18},"end":{"line":32,"column":39}},"18":{"start":{"line":33,"column":16},"end":{"line":33,"column":33}},"19":{"start":{"line":35,"column":22},"end":{"line":35,"column":48}},"20":{"start":{"line":36,"column":21},"end":{"line":36,"column":49}},"21":{"start":{"line":38,"column":19},"end":{"line":41,"column":21}},"22":{"start":{"line":44,"column":4},"end":{"line":44,"column":21}},"23":{"start":{"line":48,"column":0},"end":{"line":66,"column":3}},"24":{"start":{"line":50,"column":20},"end":{"line":50,"column":43}},"25":{"start":{"line":53,"column":4},"end":{"line":53,"column":69}},"26":{"start":{"line":53,"column":15},"end":{"line":53,"column":69}},"27":{"start":{"line":56,"column":16},"end":{"line":59,"column":6}},"28":{"start":{"line":62,"column":4},"end":{"line":62,"column":31}},"29":{"start":{"line":65,"column":4},"end":{"line":65,"column":20}},"30":{"start":{"line":69,"column":0},"end":{"line":90,"column":3}},"31":{"start":{"line":71,"column":16},"end":{"line":71,"column":56}},"32":{"start":{"line":74,"column":4},"end":{"line":74,"column":90}},"33":{"start":{"line":74,"column":16},"end":{"line":74,"column":90}},"34":{"start":{"line":77,"column":20},"end":{"line":77,"column":43}},"35":{"start":{"line":80,"column":4},"end":{"line":80,"column":69}},"36":{"start":{"line":80,"column":15},"end":{"line":80,"column":69}},"37":{"start":{"line":83,"column":4},"end":{"line":83,"column":31}},"38":{"start":{"line":86,"column":4},"end":{"line":86,"column":31}},"39":{"start":{"line":89,"column":4},"end":{"line":89,"column":20}},"40":{"start":{"line":93,"column":0},"end":{"line":119,"column":3}},"41":{"start":{"line":95,"column":16},"end":{"line":95,"column":56}},"42":{"start":{"line":98,"column":4},"end":{"line":98,"column":90}},"43":{"start":{"line":98,"column":16},"end":{"line":98,"column":90}},"44":{"start":{"line":101,"column":20},"end":{"line":101,"column":42}},"45":{"start":{"line":104,"column":4},"end":{"line":104,"column":69}},"46":{"start":{"line":104,"column":15},"end":{"line":104,"column":69}},"47":{"start":{"line":107,"column":17},"end":{"line":109,"column":6}},"48":{"start":{"line":112,"column":4},"end":{"line":112,"column":27}},"49":{"start":{"line":115,"column":4},"end":{"line":115,"column":17}},"50":{"start":{"line":118,"column":4},"end":{"line":118,"column":19}},"51":{"start":{"line":122,"column":0},"end":{"line":162,"column":3}},"52":{"start":{"line":124,"column":16},"end":{"line":124,"column":56}},"53":{"start":{"line":127,"column":4},"end":{"line":127,"column":90}},"54":{"start":{"line":127,"column":16},"end":{"line":127,"column":90}},"55":{"start":{"line":129,"column":15},"end":{"line":129,"column":48}},"56":{"start":{"line":132,"column":4},"end":{"line":132,"column":88}},"57":{"start":{"line":132,"column":15},"end":{"line":132,"column":88}},"58":{"start":{"line":135,"column":20},"end":{"line":135,"column":44}},"59":{"start":{"line":138,"column":4},"end":{"line":138,"column":69}},"60":{"start":{"line":138,"column":15},"end":{"line":138,"column":69}},"61":{"start":{"line":141,"column":4},"end":{"line":141,"column":29}},"62":{"start":{"line":143,"column":4},"end":{"line":148,"column":5}},"63":{"start":{"line":144,"column":8},"end":{"line":144,"column":46}},"64":{"start":{"line":147,"column":8},"end":{"line":147,"column":57}},"65":{"start":{"line":150,"column":4},"end":{"line":155,"column":5}},"66":{"start":{"line":151,"column":8},"end":{"line":151,"column":49}},"67":{"start":{"line":154,"column":8},"end":{"line":154,"column":59}},"68":{"start":{"line":158,"column":4},"end":{"line":158,"column":17}},"69":{"start":{"line":161,"column":4},"end":{"line":161,"column":20}},"70":{"start":{"line":165,"column":0},"end":{"line":174,"column":3}},"71":{"start":{"line":167,"column":18},"end":{"line":167,"column":67}},"72":{"start":{"line":170,"column":4},"end":{"line":170,"column":90}},"73":{"start":{"line":170,"column":16},"end":{"line":170,"column":90}},"74":{"start":{"line":173,"column":4},"end":{"line":173,"column":20}},"75":{"start":{"line":177,"column":0},"end":{"line":198,"column":3}},"76":{"start":{"line":179,"column":18},"end":{"line":179,"column":58}},"77":{"start":{"line":182,"column":4},"end":{"line":182,"column":90}},"78":{"start":{"line":182,"column":16},"end":{"line":182,"column":90}},"79":{"start":{"line":185,"column":17},"end":{"line":185,"column":52}},"80":{"start":{"line":188,"column":4},"end":{"line":188,"column":88}},"81":{"start":{"line":188,"column":15},"end":{"line":188,"column":88}},"82":{"start":{"line":191,"column":4},"end":{"line":191,"column":18}},"83":{"start":{"line":194,"column":4},"end":{"line":194,"column":17}},"84":{"start":{"line":197,"column":4},"end":{"line":197,"column":20}},"85":{"start":{"line":200,"column":0},"end":{"line":200,"column":24}}},"fnMap":{"0":{"name":"(anonymous_0)","decl":{"start":{"line":10,"column":24},"end":{"line":10,"column":25}},"loc":{"start":{"line":10,"column":44},"end":{"line":21,"column":1}},"line":10},"1":{"name":"(anonymous_1)","decl":{"start":{"line":24,"column":29},"end":{"line":24,"column":30}},"loc":{"start":{"line":24,"column":49},"end":{"line":45,"column":1}},"line":24},"2":{"name":"(anonymous_2)","decl":{"start":{"line":48,"column":25},"end":{"line":48,"column":26}},"loc":{"start":{"line":48,"column":45},"end":{"line":66,"column":1}},"line":48},"3":{"name":"(anonymous_3)","decl":{"start":{"line":69,"column":52},"end":{"line":69,"column":53}},"loc":{"start":{"line":69,"column":72},"end":{"line":90,"column":1}},"line":69},"4":{"name":"(anonymous_4)","decl":{"start":{"line":93,"column":53},"end":{"line":93,"column":54}},"loc":{"start":{"line":93,"column":73},"end":{"line":119,"column":1}},"line":93},"5":{"name":"(anonymous_5)","decl":{"start":{"line":122,"column":60},"end":{"line":122,"column":61}},"loc":{"start":{"line":122,"column":80},"end":{"line":162,"column":1}},"line":122},"6":{"name":"(anonymous_6)","decl":{"start":{"line":165,"column":47},"end":{"line":165,"column":48}},"loc":{"start":{"line":165,"column":67},"end":{"line":174,"column":1}},"line":165},"7":{"name":"(anonymous_7)","decl":{"start":{"line":177,"column":63},"end":{"line":177,"column":64}},"loc":{"start":{"line":177,"column":83},"end":{"line":198,"column":1}},"line":177}},"branchMap":{"0":{"loc":{"start":{"line":25,"column":4},"end":{"line":26,"column":53}},"type":"if","locations":[{"start":{"line":25,"column":4},"end":{"line":26,"column":53}},{"start":{"line":25,"column":4},"end":{"line":26,"column":53}}],"line":25},"1":{"loc":{"start":{"line":53,"column":4},"end":{"line":53,"column":69}},"type":"if","locations":[{"start":{"line":53,"column":4},"end":{"line":53,"column":69}},{"start":{"line":53,"column":4},"end":{"line":53,"column":69}}],"line":53},"2":{"loc":{"start":{"line":74,"column":4},"end":{"line":74,"column":90}},"type":"if","locations":[{"start":{"line":74,"column":4},"end":{"line":74,"column":90}},{"start":{"line":74,"column":4},"end":{"line":74,"column":90}}],"line":74},"3":{"loc":{"start":{"line":80,"column":4},"end":{"line":80,"column":69}},"type":"if","locations":[{"start":{"line":80,"column":4},"end":{"line":80,"column":69}},{"start":{"line":80,"column":4},"end":{"line":80,"column":69}}],"line":80},"4":{"loc":{"start":{"line":98,"column":4},"end":{"line":98,"column":90}},"type":"if","locations":[{"start":{"line":98,"column":4},"end":{"line":98,"column":90}},{"start":{"line":98,"column":4},"end":{"line":98,"column":90}}],"line":98},"5":{"loc":{"start":{"line":104,"column":4},"end":{"line":104,"column":69}},"type":"if","locations":[{"start":{"line":104,"column":4},"end":{"line":104,"column":69}},{"start":{"line":104,"column":4},"end":{"line":104,"column":69}}],"line":104},"6":{"loc":{"start":{"line":127,"column":4},"end":{"line":127,"column":90}},"type":"if","locations":[{"start":{"line":127,"column":4},"end":{"line":127,"column":90}},{"start":{"line":127,"column":4},"end":{"line":127,"column":90}}],"line":127},"7":{"loc":{"start":{"line":132,"column":4},"end":{"line":132,"column":88}},"type":"if","locations":[{"start":{"line":132,"column":4},"end":{"line":132,"column":88}},{"start":{"line":132,"column":4},"end":{"line":132,"column":88}}],"line":132},"8":{"loc":{"start":{"line":138,"column":4},"end":{"line":138,"column":69}},"type":"if","locations":[{"start":{"line":138,"column":4},"end":{"line":138,"column":69}},{"start":{"line":138,"column":4},"end":{"line":138,"column":69}}],"line":138},"9":{"loc":{"start":{"line":143,"column":4},"end":{"line":148,"column":5}},"type":"if","locations":[{"start":{"line":143,"column":4},"end":{"line":148,"column":5}},{"start":{"line":143,"column":4},"end":{"line":148,"column":5}}],"line":143},"10":{"loc":{"start":{"line":150,"column":4},"end":{"line":155,"column":5}},"type":"if","locations":[{"start":{"line":150,"column":4},"end":{"line":155,"column":5}},{"start":{"line":150,"column":4},"end":{"line":155,"column":5}}],"line":150},"11":{"loc":{"start":{"line":170,"column":4},"end":{"line":170,"column":90}},"type":"if","locations":[{"start":{"line":170,"column":4},"end":{"line":170,"column":90}},{"start":{"line":170,"column":4},"end":{"line":170,"column":90}}],"line":170},"12":{"loc":{"start":{"line":182,"column":4},"end":{"line":182,"column":90}},"type":"if","locations":[{"start":{"line":182,"column":4},"end":{"line":182,"column":90}},{"start":{"line":182,"column":4},"end":{"line":182,"column":90}}],"line":182},"13":{"loc":{"start":{"line":188,"column":4},"end":{"line":188,"column":88}},"type":"if","locations":[{"start":{"line":188,"column":4},"end":{"line":188,"column":88}},{"start":{"line":188,"column":4},"end":{"line":188,"column":88}}],"line":188}},"s":{"0":1,"1":1,"2":1,"3":1,"4":1,"5":1,"6":1,"7":1,"8":0,"9":0,"10":0,"11":1,"12":0,"13":0,"14":0,"15":0,"16":0,"17":0,"18":0,"19":0,"20":0,"21":0,"22":0,"23":1,"24":0,"25":0,"26":0,"27":0,"28":0,"29":0,"30":1,"31":0,"32":0,"33":0,"34":0,"35":0,"36":0,"37":0,"38":0,"39":0,"40":1,"41":0,"42":0,"43":0,"44":0,"45":0,"46":0,"47":0,"48":0,"49":0,"50":0,"51":1,"52":0,"53":0,"54":0,"55":0,"56":0,"57":0,"58":0,"59":0,"60":0,"61":0,"62":0,"63":0,"64":0,"65":0,"66":0,"67":0,"68":0,"69":0,"70":1,"71":0,"72":0,"73":0,"74":0,"75":1,"76":0,"77":0,"78":0,"79":0,"80":0,"81":0,"82":0,"83":0,"84":0,"85":1},"f":{"0":0,"1":0,"2":0,"3":0,"4":0,"5":0,"6":0,"7":0},"b":{"0":[0,0],"1":[0,0],"2":[0,0],"3":[0,0],"4":[0,0],"5":[0,0],"6":[0,0],"7":[0,0],"8":[0,0],"9":[0,0],"10":[0,0],"11":[0,0],"12":[0,0],"13":[0,0]},"_coverageSchema":"332fd63041d2c1bcb487cc26dd0d5f7d97098a6c","hash":"90e5a9bd3c286312154aff5ece37426f52473d86"}
,"/Users/eri/todo-app-backend/routes/home.js": {"path":"/Users/eri/todo-app-backend/routes/home.js","statementMap":{"0":{"start":{"line":1,"column":16},"end":{"line":1,"column":34}},"1":{"start":{"line":2,"column":15},"end":{"line":2,"column":31}},"2":{"start":{"line":4,"column":0},"end":{"line":6,"column":3}},"3":{"start":{"line":5,"column":4},"end":{"line":5,"column":29}},"4":{"start":{"line":8,"column":0},"end":{"line":8,"column":24}}},"fnMap":{"0":{"name":"(anonymous_0)","decl":{"start":{"line":4,"column":16},"end":{"line":4,"column":17}},"loc":{"start":{"line":4,"column":30},"end":{"line":6,"column":1}},"line":4}},"branchMap":{},"s":{"0":1,"1":1,"2":1,"3":0,"4":1},"f":{"0":0},"b":{},"_coverageSchema":"332fd63041d2c1bcb487cc26dd0d5f7d97098a6c","hash":"26ee04c10bec6cad0b6fa15f280c7518a6f314b0"}
,"/Users/eri/todo-app-backend/routes/tokensignin.js": {"path":"/Users/eri/todo-app-backend/routes/tokensignin.js","statementMap":{"0":{"start":{"line":1,"column":12},"end":{"line":1,"column":26}},"1":{"start":{"line":2,"column":10},"end":{"line":2,"column":27}},"2":{"start":{"line":3,"column":15},"end":{"line":3,"column":40}},"3":{"start":{"line":4,"column":16},"end":{"line":4,"column":34}},"4":{"start":{"line":5,"column":15},"end":{"line":5,"column":31}},"5":{"start":{"line":6,"column":15},"end":{"line":6,"column":44}},"6":{"start":{"line":9,"column":0},"end":{"line":31,"column":3}},"7":{"start":{"line":11,"column":20},"end":{"line":11,"column":38}},"8":{"start":{"line":14,"column":4},"end":{"line":14,"column":69}},"9":{"start":{"line":14,"column":15},"end":{"line":14,"column":69}},"10":{"start":{"line":17,"column":15},"end":{"line":17,"column":55}},"11":{"start":{"line":20,"column":4},"end":{"line":27,"column":5}},"12":{"start":{"line":21,"column":8},"end":{"line":24,"column":11}},"13":{"start":{"line":26,"column":8},"end":{"line":26,"column":26}},"14":{"start":{"line":30,"column":4},"end":{"line":30,"column":55}},"15":{"start":{"line":34,"column":19},"end":{"line":36,"column":5}},"16":{"start":{"line":38,"column":4},"end":{"line":38,"column":37}},"17":{"start":{"line":41,"column":0},"end":{"line":41,"column":24}}},"fnMap":{"0":{"name":"(anonymous_0)","decl":{"start":{"line":9,"column":25},"end":{"line":9,"column":26}},"loc":{"start":{"line":9,"column":45},"end":{"line":31,"column":1}},"line":9},"1":{"name":"validate","decl":{"start":{"line":33,"column":9},"end":{"line":33,"column":17}},"loc":{"start":{"line":33,"column":23},"end":{"line":39,"column":1}},"line":33}},"branchMap":{"0":{"loc":{"start":{"line":14,"column":4},"end":{"line":14,"column":69}},"type":"if","locations":[{"start":{"line":14,"column":4},"end":{"line":14,"column":69}},{"start":{"line":14,"column":4},"end":{"line":14,"column":69}}],"line":14},"1":{"loc":{"start":{"line":20,"column":4},"end":{"line":27,"column":5}},"type":"if","locations":[{"start":{"line":20,"column":4},"end":{"line":27,"column":5}},{"start":{"line":20,"column":4},"end":{"line":27,"column":5}}],"line":20}},"s":{"0":1,"1":1,"2":1,"3":1,"4":1,"5":1,"6":1,"7":0,"8":0,"9":0,"10":0,"11":0,"12":0,"13":0,"14":0,"15":0,"16":0,"17":1},"f":{"0":0,"1":0},"b":{"0":[0,0],"1":[0,0]},"_coverageSchema":"332fd63041d2c1bcb487cc26dd0d5f7d97098a6c","hash":"2c6f2d54a0b6452918bdec8218c6ecc5aee881c6"}
,"/Users/eri/todo-app-backend/routes/users.js": {"path":"/Users/eri/todo-app-backend/routes/users.js","statementMap":{"0":{"start":{"line":1,"column":13},"end":{"line":1,"column":42}},"1":{"start":{"line":2,"column":15},"end":{"line":2,"column":32}},"2":{"start":{"line":3,"column":10},"end":{"line":3,"column":27}},"3":{"start":{"line":4,"column":29},"end":{"line":4,"column":54}},"4":{"start":{"line":5,"column":16},"end":{"line":5,"column":34}},"5":{"start":{"line":6,"column":15},"end":{"line":6,"column":31}},"6":{"start":{"line":20,"column":0},"end":{"line":25,"column":3}},"7":{"start":{"line":21,"column":17},"end":{"line":21,"column":70}},"8":{"start":{"line":24,"column":4},"end":{"line":24,"column":19}},"9":{"start":{"line":29,"column":0},"end":{"line":55,"column":3}},"10":{"start":{"line":31,"column":20},"end":{"line":31,"column":42}},"11":{"start":{"line":34,"column":4},"end":{"line":34,"column":69}},"12":{"start":{"line":34,"column":15},"end":{"line":34,"column":69}},"13":{"start":{"line":36,"column":15},"end":{"line":36,"column":60}},"14":{"start":{"line":39,"column":4},"end":{"line":39,"column":70}},"15":{"start":{"line":39,"column":14},"end":{"line":39,"column":70}},"16":{"start":{"line":42,"column":4},"end":{"line":42,"column":69}},"17":{"start":{"line":45,"column":17},"end":{"line":45,"column":41}},"18":{"start":{"line":46,"column":4},"end":{"line":46,"column":59}},"19":{"start":{"line":49,"column":4},"end":{"line":49,"column":22}},"20":{"start":{"line":51,"column":18},"end":{"line":51,"column":42}},"21":{"start":{"line":54,"column":4},"end":{"line":54,"column":85}},"22":{"start":{"line":94,"column":0},"end":{"line":94,"column":24}}},"fnMap":{"0":{"name":"(anonymous_0)","decl":{"start":{"line":20,"column":24},"end":{"line":20,"column":25}},"loc":{"start":{"line":20,"column":44},"end":{"line":25,"column":1}},"line":20},"1":{"name":"(anonymous_1)","decl":{"start":{"line":29,"column":17},"end":{"line":29,"column":18}},"loc":{"start":{"line":29,"column":37},"end":{"line":55,"column":1}},"line":29}},"branchMap":{"0":{"loc":{"start":{"line":34,"column":4},"end":{"line":34,"column":69}},"type":"if","locations":[{"start":{"line":34,"column":4},"end":{"line":34,"column":69}},{"start":{"line":34,"column":4},"end":{"line":34,"column":69}}],"line":34},"1":{"loc":{"start":{"line":39,"column":4},"end":{"line":39,"column":70}},"type":"if","locations":[{"start":{"line":39,"column":4},"end":{"line":39,"column":70}},{"start":{"line":39,"column":4},"end":{"line":39,"column":70}}],"line":39}},"s":{"0":1,"1":1,"2":1,"3":1,"4":1,"5":1,"6":1,"7":0,"8":0,"9":1,"10":0,"11":0,"12":0,"13":0,"14":0,"15":0,"16":0,"17":0,"18":0,"19":0,"20":0,"21":0,"22":1},"f":{"0":0,"1":0},"b":{"0":[0,0],"1":[0,0]},"_coverageSchema":"332fd63041d2c1bcb487cc26dd0d5f7d97098a6c","hash":"c9490b66af74cfc4fef104ef8f3f20cd5ad96cb7"}
,"/Users/eri/todo-app-backend/startup/config.js": {"path":"/Users/eri/todo-app-backend/startup/config.js","statementMap":{"0":{"start":{"line":1,"column":15},"end":{"line":1,"column":32}},"1":{"start":{"line":3,"column":0},"end":{"line":7,"column":1}},"2":{"start":{"line":4,"column":4},"end":{"line":6,"column":5}},"3":{"start":{"line":5,"column":8},"end":{"line":5,"column":70}}},"fnMap":{"0":{"name":"(anonymous_0)","decl":{"start":{"line":3,"column":17},"end":{"line":3,"column":18}},"loc":{"start":{"line":3,"column":28},"end":{"line":7,"column":1}},"line":3}},"branchMap":{"0":{"loc":{"start":{"line":4,"column":4},"end":{"line":6,"column":5}},"type":"if","locations":[{"start":{"line":4,"column":4},"end":{"line":6,"column":5}},{"start":{"line":4,"column":4},"end":{"line":6,"column":5}}],"line":4}},"s":{"0":1,"1":1,"2":1,"3":0},"f":{"0":1},"b":{"0":[0,1]},"_coverageSchema":"332fd63041d2c1bcb487cc26dd0d5f7d97098a6c","hash":"b45c4a7dae094fd7281de572b31fa3cda92c37a4"}
,"/Users/eri/todo-app-backend/startup/db.js": {"path":"/Users/eri/todo-app-backend/startup/db.js","statementMap":{"0":{"start":{"line":1,"column":16},"end":{"line":1,"column":34}},"1":{"start":{"line":2,"column":17},"end":{"line":2,"column":36}},"2":{"start":{"line":3,"column":15},"end":{"line":3,"column":32}},"3":{"start":{"line":5,"column":0},"end":{"line":11,"column":1}},"4":{"start":{"line":6,"column":15},"end":{"line":6,"column":31}},"5":{"start":{"line":9,"column":4},"end":{"line":10,"column":55}},"6":{"start":{"line":10,"column":16},"end":{"line":10,"column":53}}},"fnMap":{"0":{"name":"(anonymous_0)","decl":{"start":{"line":5,"column":17},"end":{"line":5,"column":18}},"loc":{"start":{"line":5,"column":28},"end":{"line":11,"column":1}},"line":5},"1":{"name":"(anonymous_1)","decl":{"start":{"line":10,"column":10},"end":{"line":10,"column":11}},"loc":{"start":{"line":10,"column":16},"end":{"line":10,"column":53}},"line":10}},"branchMap":{},"s":{"0":1,"1":1,"2":1,"3":1,"4":1,"5":1,"6":1},"f":{"0":1,"1":1},"b":{},"_coverageSchema":"332fd63041d2c1bcb487cc26dd0d5f7d97098a6c","hash":"6b98ea16257ef3be297434e6982346078225ed78"}
,"/Users/eri/todo-app-backend/startup/logging.js": {"path":"/Users/eri/todo-app-backend/startup/logging.js","statementMap":{"0":{"start":{"line":1,"column":16},"end":{"line":1,"column":34}},"1":{"start":{"line":3,"column":0},"end":{"line":3,"column":32}},"2":{"start":{"line":5,"column":0},"end":{"line":20,"column":1}},"3":{"start":{"line":7,"column":4},"end":{"line":10,"column":6}},"4":{"start":{"line":13,"column":4},"end":{"line":15,"column":7}},"5":{"start":{"line":14,"column":8},"end":{"line":14,"column":17}},"6":{"start":{"line":17,"column":4},"end":{"line":17,"column":70}}},"fnMap":{"0":{"name":"(anonymous_0)","decl":{"start":{"line":5,"column":17},"end":{"line":5,"column":18}},"loc":{"start":{"line":5,"column":28},"end":{"line":20,"column":1}},"line":5},"1":{"name":"(anonymous_1)","decl":{"start":{"line":13,"column":37},"end":{"line":13,"column":38}},"loc":{"start":{"line":13,"column":45},"end":{"line":15,"column":5}},"line":13}},"branchMap":{},"s":{"0":1,"1":1,"2":1,"3":1,"4":1,"5":0,"6":1},"f":{"0":1,"1":0},"b":{},"_coverageSchema":"332fd63041d2c1bcb487cc26dd0d5f7d97098a6c","hash":"350cf62ab3416ee49b745e47dbdb293a82af819a"}
,"/Users/eri/todo-app-backend/startup/routes.js": {"path":"/Users/eri/todo-app-backend/startup/routes.js","statementMap":{"0":{"start":{"line":1,"column":16},"end":{"line":1,"column":34}},"1":{"start":{"line":2,"column":15},"end":{"line":2,"column":42}},"2":{"start":{"line":3,"column":14},"end":{"line":3,"column":40}},"3":{"start":{"line":4,"column":13},"end":{"line":4,"column":38}},"4":{"start":{"line":5,"column":20},"end":{"line":5,"column":52}},"5":{"start":{"line":6,"column":13},"end":{"line":6,"column":38}},"6":{"start":{"line":7,"column":14},"end":{"line":7,"column":44}},"7":{"start":{"line":9,"column":0},"end":{"line":24,"column":1}},"8":{"start":{"line":15,"column":4},"end":{"line":15,"column":28}},"9":{"start":{"line":18,"column":4},"end":{"line":18,"column":35}},"10":{"start":{"line":19,"column":4},"end":{"line":19,"column":33}},"11":{"start":{"line":20,"column":4},"end":{"line":20,"column":31}},"12":{"start":{"line":21,"column":4},"end":{"line":21,"column":45}},"13":{"start":{"line":22,"column":4},"end":{"line":22,"column":23}},"14":{"start":{"line":23,"column":4},"end":{"line":23,"column":19}}},"fnMap":{"0":{"name":"(anonymous_0)","decl":{"start":{"line":9,"column":17},"end":{"line":9,"column":18}},"loc":{"start":{"line":9,"column":31},"end":{"line":24,"column":1}},"line":9}},"branchMap":{},"s":{"0":1,"1":1,"2":1,"3":1,"4":1,"5":1,"6":1,"7":1,"8":1,"9":1,"10":1,"11":1,"12":1,"13":1,"14":1},"f":{"0":1},"b":{},"_coverageSchema":"332fd63041d2c1bcb487cc26dd0d5f7d97098a6c","hash":"8848d4925e868777c66168fbb42f8893d2bab199"}
}
