TN:
SF:/Users/eri/todo-app-backend/constants.js
FNF:0
FNH:0
DA:1,1
DA:2,1
LF:2
LH:2
BRF:0
BRH:0
end_of_record
TN:
SF:/Users/eri/todo-app-backend/index.js
FN:16,(anonymous_0)
FNF:1
FNH:1
FNDA:1,(anonymous_0)
DA:1,1
DA:2,1
DA:3,1
DA:5,1
DA:6,1
DA:7,1
DA:8,1
DA:15,1
DA:16,1
DA:18,1
LF:10
LH:10
BRDA:15,0,0,1
BRDA:15,0,1,1
BRF:2
BRH:2
end_of_record
TN:
SF:/Users/eri/todo-app-backend/middleware/admin.js
FN:1,(anonymous_0)
FNF:1
FNH:0
FNDA:0,(anonymous_0)
DA:1,1
DA:3,0
DA:5,0
LF:3
LH:1
BRDA:3,0,0,0
BRDA:3,0,1,0
BRF:2
BRH:0
end_of_record
TN:
SF:/Users/eri/todo-app-backend/middleware/auth.js
FN:8,verify
FN:29,auth
FNF:2
FNH:1
FNDA:4,verify
FNDA:0,auth
DA:1,1
DA:2,1
DA:3,1
DA:4,1
DA:6,1
DA:9,4
DA:10,4
DA:12,4
DA:14,4
DA:19,0
DA:20,0
DA:21,0
DA:22,0
DA:25,4
DA:31,0
DA:34,0
DA:36,0
DA:37,0
DA:38,0
DA:39,0
DA:42,0
DA:46,1
LF:22
LH:11
BRDA:10,0,0,0
BRDA:10,0,1,4
BRDA:34,1,0,0
BRDA:34,1,1,0
BRF:4
BRH:1
end_of_record
TN:
SF:/Users/eri/todo-app-backend/middleware/error.js
FN:3,(anonymous_0)
FNF:1
FNH:0
FNDA:0,(anonymous_0)
DA:1,1
DA:3,1
DA:4,0
DA:7,0
LF:4
LH:2
BRF:0
BRH:0
end_of_record
TN:
SF:/Users/eri/todo-app-backend/middleware/validateObjectId.js
FN:3,(anonymous_0)
FNF:1
FNH:0
FNDA:0,(anonymous_0)
DA:1,1
DA:3,1
DA:4,0
DA:5,0
DA:8,0
DA:9,0
DA:10,0
DA:14,0
LF:8
LH:2
BRDA:4,0,0,0
BRDA:4,0,1,0
BRDA:8,1,0,0
BRDA:8,1,1,0
BRDA:9,2,0,0
BRDA:9,2,1,0
BRF:6
BRH:0
end_of_record
TN:
SF:/Users/eri/todo-app-backend/models/group.js
FN:29,validateGroup
FNF:1
FNH:0
FNDA:0,validateGroup
DA:1,1
DA:2,1
DA:3,1
DA:4,1
DA:6,1
DA:27,1
DA:31,0
DA:37,0
DA:40,1
DA:41,1
LF:10
LH:8
BRF:0
BRH:0
end_of_record
TN:
SF:/Users/eri/todo-app-backend/models/task.js
FN:24,validateTask
FNF:1
FNH:0
FNDA:0,validateTask
DA:1,1
DA:2,1
DA:4,1
DA:22,1
DA:28,0
DA:34,0
DA:37,1
DA:38,1
DA:39,1
LF:9
LH:7
BRF:0
BRH:0
end_of_record
TN:
SF:/Users/eri/todo-app-backend/models/user.js
FN:27,(anonymous_0)
FN:33,validateUser
FNF:2
FNH:0
FNDA:0,(anonymous_0)
FNDA:0,validateUser
DA:1,1
DA:2,1
DA:3,1
DA:4,1
DA:6,1
DA:27,1
DA:28,0
DA:31,1
DA:37,0
DA:43,0
DA:46,1
DA:47,1
DA:48,1
LF:13
LH:10
BRF:0
BRH:0
end_of_record
TN:
SF:/Users/eri/todo-app-backend/routes/auth.js
FN:8,(anonymous_0)
FN:33,validate
FNF:2
FNH:0
FNDA:0,(anonymous_0)
FNDA:0,validate
DA:1,1
DA:2,1
DA:3,1
DA:4,1
DA:5,1
DA:8,1
DA:10,0
DA:13,0
DA:16,0
DA:19,0
DA:22,0
DA:25,0
DA:27,0
DA:30,0
DA:34,0
DA:39,0
DA:42,1
LF:17
LH:7
BRDA:13,0,0,0
BRDA:13,0,1,0
BRDA:19,1,0,0
BRDA:19,1,1,0
BRDA:25,2,0,0
BRDA:25,2,1,0
BRF:6
BRH:0
end_of_record
TN:
SF:/Users/eri/todo-app-backend/routes/groups.js
FN:10,(anonymous_0)
FN:24,(anonymous_1)
FN:48,(anonymous_2)
FN:69,(anonymous_3)
FN:93,(anonymous_4)
FN:122,(anonymous_5)
FN:165,(anonymous_6)
FN:177,(anonymous_7)
FNF:8
FNH:0
FNDA:0,(anonymous_0)
FNDA:0,(anonymous_1)
FNDA:0,(anonymous_2)
FNDA:0,(anonymous_3)
FNDA:0,(anonymous_4)
FNDA:0,(anonymous_5)
FNDA:0,(anonymous_6)
FNDA:0,(anonymous_7)
DA:1,1
DA:2,1
DA:3,1
DA:4,1
DA:5,1
DA:6,1
DA:7,1
DA:10,1
DA:11,0
DA:14,0
DA:20,0
DA:24,1
DA:25,0
DA:26,0
DA:28,0
DA:29,0
DA:31,0
DA:32,0
DA:33,0
DA:35,0
DA:36,0
DA:38,0
DA:44,0
DA:48,1
DA:50,0
DA:53,0
DA:56,0
DA:62,0
DA:65,0
DA:69,1
DA:71,0
DA:74,0
DA:77,0
DA:80,0
DA:83,0
DA:86,0
DA:89,0
DA:93,1
DA:95,0
DA:98,0
DA:101,0
DA:104,0
DA:107,0
DA:112,0
DA:115,0
DA:118,0
DA:122,1
DA:124,0
DA:127,0
DA:129,0
DA:132,0
DA:135,0
DA:138,0
DA:141,0
DA:143,0
DA:144,0
DA:147,0
DA:150,0
DA:151,0
DA:154,0
DA:158,0
DA:161,0
DA:165,1
DA:167,0
DA:170,0
DA:173,0
DA:177,1
DA:179,0
DA:182,0
DA:185,0
DA:188,0
DA:191,0
DA:194,0
DA:197,0
DA:200,1
LF:75
LH:16
BRDA:25,0,0,0
BRDA:25,0,1,0
BRDA:53,1,0,0
BRDA:53,1,1,0
BRDA:74,2,0,0
BRDA:74,2,1,0
BRDA:80,3,0,0
BRDA:80,3,1,0
BRDA:98,4,0,0
BRDA:98,4,1,0
BRDA:104,5,0,0
BRDA:104,5,1,0
BRDA:127,6,0,0
BRDA:127,6,1,0
BRDA:132,7,0,0
BRDA:132,7,1,0
BRDA:138,8,0,0
BRDA:138,8,1,0
BRDA:143,9,0,0
BRDA:143,9,1,0
BRDA:150,10,0,0
BRDA:150,10,1,0
BRDA:170,11,0,0
BRDA:170,11,1,0
BRDA:182,12,0,0
BRDA:182,12,1,0
BRDA:188,13,0,0
BRDA:188,13,1,0
BRF:28
BRH:0
end_of_record
TN:
SF:/Users/eri/todo-app-backend/routes/home.js
FN:4,(anonymous_0)
FNF:1
FNH:0
FNDA:0,(anonymous_0)
DA:1,1
DA:2,1
DA:4,1
DA:5,0
DA:8,1
LF:5
LH:4
BRF:0
BRH:0
end_of_record
TN:
SF:/Users/eri/todo-app-backend/routes/tokensignin.js
FN:9,(anonymous_0)
FN:33,validate
FNF:2
FNH:0
FNDA:0,(anonymous_0)
FNDA:0,validate
DA:1,1
DA:2,1
DA:3,1
DA:4,1
DA:5,1
DA:6,1
DA:9,1
DA:11,0
DA:14,0
DA:17,0
DA:20,0
DA:21,0
DA:26,0
DA:30,0
DA:34,0
DA:38,0
DA:41,1
LF:17
LH:8
BRDA:14,0,0,0
BRDA:14,0,1,0
BRDA:20,1,0,0
BRDA:20,1,1,0
BRF:4
BRH:0
end_of_record
TN:
SF:/Users/eri/todo-app-backend/routes/users.js
FN:20,(anonymous_0)
FN:29,(anonymous_1)
FNF:2
FNH:0
FNDA:0,(anonymous_0)
FNDA:0,(anonymous_1)
DA:1,1
DA:2,1
DA:3,1
DA:4,1
DA:5,1
DA:6,1
DA:20,1
DA:21,0
DA:24,0
DA:29,1
DA:31,0
DA:34,0
DA:36,0
DA:39,0
DA:42,0
DA:45,0
DA:46,0
DA:49,0
DA:51,0
DA:54,0
DA:94,1
LF:21
LH:9
BRDA:34,0,0,0
BRDA:34,0,1,0
BRDA:39,1,0,0
BRDA:39,1,1,0
BRF:4
BRH:0
end_of_record
TN:
SF:/Users/eri/todo-app-backend/startup/config.js
FN:3,(anonymous_0)
FNF:1
FNH:1
FNDA:1,(anonymous_0)
DA:1,1
DA:3,1
DA:4,1
DA:5,0
LF:4
LH:3
BRDA:4,0,0,0
BRDA:4,0,1,1
BRF:2
BRH:1
end_of_record
TN:
SF:/Users/eri/todo-app-backend/startup/db.js
FN:5,(anonymous_0)
FN:10,(anonymous_1)
FNF:2
FNH:2
FNDA:1,(anonymous_0)
FNDA:1,(anonymous_1)
DA:1,1
DA:2,1
DA:3,1
DA:5,1
DA:6,1
DA:9,1
DA:10,1
LF:7
LH:7
BRF:0
BRH:0
end_of_record
TN:
SF:/Users/eri/todo-app-backend/startup/logging.js
FN:5,(anonymous_0)
FN:13,(anonymous_1)
FNF:2
FNH:1
FNDA:1,(anonymous_0)
FNDA:0,(anonymous_1)
DA:1,1
DA:3,1
DA:5,1
DA:7,1
DA:13,1
DA:14,0
DA:17,1
LF:7
LH:6
BRF:0
BRH:0
end_of_record
TN:
SF:/Users/eri/todo-app-backend/startup/routes.js
FN:9,(anonymous_0)
FNF:1
FNH:1
FNDA:1,(anonymous_0)
DA:1,1
DA:2,1
DA:3,1
DA:4,1
DA:5,1
DA:6,1
DA:7,1
DA:9,1
DA:15,1
DA:18,1
DA:19,1
DA:20,1
DA:21,1
DA:22,1
DA:23,1
LF:15
LH:15
BRF:0
BRH:0
end_of_record
